SF:lib\controller\flutter_json_schema_form_controller.dart
DA:5,3
DA:6,9
DA:18,1
DA:19,2
DA:21,2
DA:24,2
DA:33,2
DA:34,1
DA:37,1
DA:39,1
DA:41,2
DA:43,3
DA:44,3
DA:46,2
DA:47,2
DA:48,1
DA:53,2
DA:55,3
DA:61,3
DA:63,2
DA:64,1
DA:65,0
DA:66,0
DA:67,2
DA:68,2
DA:69,0
DA:78,2
DA:83,2
DA:84,2
DA:89,4
DA:90,6
DA:91,3
DA:93,4
DA:94,2
DA:133,3
DA:135,9
DA:137,6
DA:140,2
DA:143,6
LF:39
LH:36
end_of_record
SF:lib\widgets\flutter_json_schema_field.dart
DA:10,2
DA:16,2
DA:26,6
DA:28,2
DA:30,4
DA:31,2
DA:32,2
DA:34,2
DA:35,2
DA:36,2
DA:38,0
DA:39,0
DA:41,6
DA:44,1
DA:45,1
DA:47,1
DA:48,1
DA:49,1
DA:52,0
DA:53,0
DA:55,3
DA:58,1
DA:59,1
DA:60,1
DA:62,1
DA:64,1
DA:65,1
DA:67,1
DA:68,1
DA:74,1
DA:81,2
DA:82,2
DA:85,2
DA:86,4
DA:87,6
LF:35
LH:31
end_of_record
SF:lib\flutter_json_schema_form.dart
DA:13,2
DA:21,2
DA:36,2
DA:38,2
DA:41,2
DA:42,6
DA:43,2
DA:44,4
DA:45,2
DA:46,3
DA:47,3
DA:49,6
DA:50,1
DA:51,2
DA:53,2
DA:54,6
DA:55,6
DA:56,2
DA:57,4
DA:58,2
DA:59,8
DA:60,2
DA:62,4
DA:65,2
DA:66,2
DA:67,3
DA:68,1
DA:70,1
DA:71,1
DA:72,0
DA:73,0
DA:74,0
DA:77,2
LF:33
LH:30
end_of_record
