SF:lib\controller\flutter_json_schema_form_controller.dart
DA:9,1
DA:10,2
DA:12,2
DA:15,2
DA:24,2
DA:25,1
DA:28,1
DA:30,1
DA:32,2
DA:34,3
DA:35,3
DA:36,2
DA:37,3
DA:42,2
DA:44,3
DA:50,3
DA:52,3
DA:53,0
DA:54,2
DA:55,2
DA:67,1
DA:69,3
DA:71,2
DA:74,2
DA:77,2
LF:25
LH:24
end_of_record
SF:lib\flutter_json_schema_form.dart
DA:13,2
DA:21,2
DA:36,2
DA:38,2
DA:41,2
DA:42,6
DA:43,2
DA:44,4
DA:45,2
DA:46,3
DA:47,3
DA:49,6
DA:50,1
DA:51,2
DA:53,2
DA:54,6
DA:55,6
DA:56,2
DA:57,4
DA:58,2
DA:59,8
DA:60,2
DA:63,2
DA:64,2
DA:65,3
DA:66,1
DA:68,1
DA:69,1
DA:70,0
DA:71,0
DA:72,0
DA:75,2
LF:32
LH:29
end_of_record
SF:lib\widgets\flutter_json_schema_field.dart
DA:10,2
DA:15,2
DA:23,6
DA:25,2
DA:27,4
DA:28,2
DA:29,2
DA:31,2
DA:32,2
DA:33,2
DA:35,0
DA:36,0
DA:40,1
DA:41,1
DA:43,1
DA:44,1
DA:45,1
DA:48,0
DA:49,0
DA:53,1
DA:54,1
DA:55,1
DA:57,1
DA:59,1
DA:60,1
DA:62,1
DA:63,1
DA:69,1
LF:28
LH:24
end_of_record
